c:\users\pwnag\source\repos\gameboy_try3\gameboy_try3\x64\debug\vc142.pdb
c:\users\pwnag\source\repos\gameboy_try3\gameboy_try3\x64\debug\vc142.idb
c:\users\pwnag\source\repos\gameboy_try3\gameboy_try3\x64\debug\main.obj
c:\users\pwnag\source\repos\gameboy_try3\gameboy_try3\x64\debug\imgui_widgets.obj
c:\users\pwnag\source\repos\gameboy_try3\gameboy_try3\x64\debug\imgui_tables.obj
c:\users\pwnag\source\repos\gameboy_try3\gameboy_try3\x64\debug\imgui_impl_opengl3.obj
c:\users\pwnag\source\repos\gameboy_try3\gameboy_try3\x64\debug\imgui_impl_glfw.obj
c:\users\pwnag\source\repos\gameboy_try3\gameboy_try3\x64\debug\imgui_draw.obj
c:\users\pwnag\source\repos\gameboy_try3\gameboy_try3\x64\debug\imgui_demo.obj
c:\users\pwnag\source\repos\gameboy_try3\gameboy_try3\x64\debug\imgui.obj
c:\users\pwnag\source\repos\gameboy_try3\gameboy_try3\x64\debug\emulator_wrapper.obj
c:\users\pwnag\source\repos\gameboy_try3\gameboy_try3\x64\debug\emulator_gpu.obj
c:\users\pwnag\source\repos\gameboy_try3\gameboy_try3\x64\debug\emulator_cpu.obj
c:\users\pwnag\source\repos\gameboy_try3\gameboy_try3\x64\debug\emulator.obj
c:\users\pwnag\source\repos\gameboy_try3\gameboy_try3\x64\debug\disassembler.obj
c:\users\pwnag\source\repos\gameboy_try3\x64\debug\gameboy_try3.exe
c:\users\pwnag\source\repos\gameboy_try3\gameboy_try3\x64\debug\gameboy_try3.ilk
c:\users\pwnag\source\repos\gameboy_try3\x64\debug\gameboy_try3.pdb
c:\users\pwnag\source\repos\gameboy_try3\gameboy_try3\x64\debug\gameboy_try3.tlog\cl.command.1.tlog
c:\users\pwnag\source\repos\gameboy_try3\gameboy_try3\x64\debug\gameboy_try3.tlog\cl.read.1.tlog
c:\users\pwnag\source\repos\gameboy_try3\gameboy_try3\x64\debug\gameboy_try3.tlog\cl.write.1.tlog
c:\users\pwnag\source\repos\gameboy_try3\gameboy_try3\x64\debug\gameboy_try3.tlog\link.command.1.tlog
c:\users\pwnag\source\repos\gameboy_try3\gameboy_try3\x64\debug\gameboy_try3.tlog\link.read.1.tlog
c:\users\pwnag\source\repos\gameboy_try3\gameboy_try3\x64\debug\gameboy_try3.tlog\link.write.1.tlog
